<?xml version="1.0" encoding="UTF-8"?>
<!-- Generated by org.testng.reporters.JUnitReportReporter -->
<testsuite hostname="DESKTOP-I1I5O1Q" failures="0" tests="1" name="com.naukri.runners.TestRunner" time="23.202" errors="0" timestamp="2025-06-14T18:37:29 IST" skipped="0">
  <testcase classname="com.naukri.runners.TestRunner" name="runScenario" time="23.202"/>
</testsuite> <!-- com.naukri.runners.TestRunner -->
